Build started 3/18/2016 3:21:35 PM.
     1>Project "C:\Users\saurav\documents\visual studio 2013\Projects\CarGame\CarGame\CarGame.vcxproj" on node 2 (Build target(s)).
     1>ClCompile:
         C:\Program Files (x86)\Microsoft Visual Studio 12.0\VC\bin\CL.exe /c /ZI /nologo /W3 /WX- /sdl /Od /Oy- /D WIN32 /D _DEBUG /D _CONSOLE /D _LIB /D _UNICODE /D UNICODE /Gm /EHsc /RTC1 /MDd /GS /fp:precise /Zc:wchar_t /Zc:forScope /Fo"Debug\\" /Fd"Debug\vc120.pdb" /Gd /TP /analyze- /errorReport:prompt main.cpp
         main.cpp
     1>c:\users\saurav\documents\visual studio 2013\projects\cargame\cargame\main.cpp(21): warning C4316: 'Camera' : object allocated on the heap may not be aligned 16
       Link:
         C:\Program Files (x86)\Microsoft Visual Studio 12.0\VC\bin\link.exe /ERRORREPORT:PROMPT /OUT:"C:\Users\saurav\documents\visual studio 2013\Projects\CarGame\Debug\CarGame.exe" /INCREMENTAL /NOLOGO glut32.lib glew32.lib assimp.lib SOIL.lib kernel32.lib user32.lib gdi32.lib winspool.lib comdlg32.lib advapi32.lib shell32.lib ole32.lib oleaut32.lib uuid.lib odbc32.lib odbccp32.lib /MANIFEST /MANIFESTUAC:"level='asInvoker' uiAccess='false'" /manifest:embed /DEBUG /PDB:"C:\Users\saurav\documents\visual studio 2013\Projects\CarGame\Debug\CarGame.pdb" /SUBSYSTEM:CONSOLE /TLBID:1 /DYNAMICBASE /NXCOMPAT /IMPLIB:"C:\Users\saurav\documents\visual studio 2013\Projects\CarGame\Debug\CarGame.lib" /MACHINE:X86 Debug\Camera.obj
         Debug\Car.obj
         Debug\Crate.obj
         Debug\GameObject.obj
         Debug\GameTime.obj
         Debug\InputManager.obj
         Debug\main.obj
         Debug\Mesh.obj
         Debug\Model.obj
         Debug\NewtonianPhysics.obj
         Debug\Node.obj
         Debug\Scene.obj
         Debug\SceneManager.obj
         Debug\Shader.obj
         Debug\ShaderManager.obj
         Debug\ShaderProgram.obj
         Debug\Skybox.obj
         Debug\Terrain.obj
         Debug\TextureManager.obj
         Debug\Wheel.obj
         CarGame.vcxproj -> C:\Users\saurav\documents\visual studio 2013\Projects\CarGame\Debug\CarGame.exe
     1>Done Building Project "C:\Users\saurav\documents\visual studio 2013\Projects\CarGame\CarGame\CarGame.vcxproj" (Build target(s)).

Build succeeded.

Time Elapsed 00:00:02.61
