c:\users\saurav\documents\visual studio 2013\projects\cargame\cargame\debug\vc120.pdb
c:\users\saurav\documents\visual studio 2013\projects\cargame\cargame\debug\vc120.idb
c:\users\saurav\documents\visual studio 2013\projects\cargame\cargame\debug\camera.obj
c:\users\saurav\documents\visual studio 2013\projects\cargame\cargame\debug\car.obj
c:\users\saurav\documents\visual studio 2013\projects\cargame\cargame\debug\crate.obj
c:\users\saurav\documents\visual studio 2013\projects\cargame\cargame\debug\gameobject.obj
c:\users\saurav\documents\visual studio 2013\projects\cargame\cargame\debug\gametime.obj
c:\users\saurav\documents\visual studio 2013\projects\cargame\cargame\debug\inputmanager.obj
c:\users\saurav\documents\visual studio 2013\projects\cargame\cargame\debug\main.obj
c:\users\saurav\documents\visual studio 2013\projects\cargame\cargame\debug\mesh.obj
c:\users\saurav\documents\visual studio 2013\projects\cargame\cargame\debug\model.obj
c:\users\saurav\documents\visual studio 2013\projects\cargame\cargame\debug\newtonianphysics.obj
c:\users\saurav\documents\visual studio 2013\projects\cargame\cargame\debug\node.obj
c:\users\saurav\documents\visual studio 2013\projects\cargame\cargame\debug\scene.obj
c:\users\saurav\documents\visual studio 2013\projects\cargame\cargame\debug\scenemanager.obj
c:\users\saurav\documents\visual studio 2013\projects\cargame\cargame\debug\shader.obj
c:\users\saurav\documents\visual studio 2013\projects\cargame\cargame\debug\shadermanager.obj
c:\users\saurav\documents\visual studio 2013\projects\cargame\cargame\debug\shaderprogram.obj
c:\users\saurav\documents\visual studio 2013\projects\cargame\cargame\debug\skybox.obj
c:\users\saurav\documents\visual studio 2013\projects\cargame\cargame\debug\terrain.obj
c:\users\saurav\documents\visual studio 2013\projects\cargame\cargame\debug\texturemanager.obj
c:\users\saurav\documents\visual studio 2013\projects\cargame\cargame\debug\wheel.obj
c:\users\saurav\documents\visual studio 2013\projects\cargame\debug\cargame.ilk
c:\users\saurav\documents\visual studio 2013\projects\cargame\debug\cargame.exe
c:\users\saurav\documents\visual studio 2013\projects\cargame\debug\cargame.pdb
c:\users\saurav\documents\visual studio 2013\projects\cargame\cargame\debug\cargame.tlog\cl.command.1.tlog
c:\users\saurav\documents\visual studio 2013\projects\cargame\cargame\debug\cargame.tlog\cl.read.1.tlog
c:\users\saurav\documents\visual studio 2013\projects\cargame\cargame\debug\cargame.tlog\cl.write.1.tlog
c:\users\saurav\documents\visual studio 2013\projects\cargame\cargame\debug\cargame.tlog\link.command.1.tlog
c:\users\saurav\documents\visual studio 2013\projects\cargame\cargame\debug\cargame.tlog\link.read.1.tlog
c:\users\saurav\documents\visual studio 2013\projects\cargame\cargame\debug\cargame.tlog\link.write.1.tlog
